<?xml version="1.0" encoding="UTF-8"?>
<robot generator="Robot 6.0.2 (Python 3.11.2 on win32)" generated="20230324 14:56:25.998" rpa="false" schemaversion="3">
<suite id="s1" name="Open Browser" source="D:\kittipong\AIS-AutomateTrainning\WEB\TestSuites\open_browser.robot">
<test id="s1-t1" name="Scene001 Open Browser" line="13">
<kw name="Open Browser" library="Browser">
<arg>${url}</arg>
<tag>BrowserControl</tag>
<tag>Setter</tag>
<doc>Opens a new browser instance. Use this keyword for quick experiments or debugging sessions.</doc>
<msg timestamp="20230324 14:56:34.552" level="WARN">Open Browser is for quick experimentation and debugging only. Use New Page for production.</msg>
<msg timestamp="20230324 14:56:34.555" level="INFO">{"browser": "chromium", "headless": false, "devtools": false, "handleSIGHUP": true, "handleSIGINT": true, "handleSIGTERM": true, "slowMo": 0.0, "timeout": 30000.0, "deprecated_pos_args": [], "tracesDir": "D:\\kittipong\\AIS-AutomateTrainning\\WEB\\TestSuites\\Result\\browser\\traces\\13af93fc-a747-4cf7-bada-77229f332ce4"}</msg>
<msg timestamp="20230324 14:56:40.453" level="INFO">Successfully created browser with options: {"browser":"chromium","headless":false,"devtools":false,"handleSIGHUP":true,"handleSIGINT":true,"handleSIGTERM":true,"slowMo":0,"timeout":30000,"deprecated_pos_args":[],"tracesDir":"D:\\kittipong\\AIS-AutomateTrainning\\WEB\\TestSuites\\Result\\browser\\traces\\13af93fc-a747-4cf7-bada-77229f332ce4"}</msg>
<msg timestamp="20230324 14:56:40.454" level="INFO">{
  "acceptDownloads": true,
  "bypassCSP": true,
  "forcedColors": "none",
  "hideRfBrowser": false,
  "ignoreHTTPSErrors": false,
  "javaScriptEnabled": true,
  "offline": false,
  "reducedMotion": "no-preference",
  "viewport": {
    "height": 720,
    "width": 1280
  },
  "deprecated_pos_args": []
}</msg>
<msg timestamp="20230324 14:56:40.506" level="INFO">Successfully created context. </msg>
<msg timestamp="20230324 14:56:40.506" level="INFO">{'acceptDownloads': True, 'bypassCSP': True, 'forcedColors': 'none', 'hideRfBrowser': False, 'ignoreHTTPSErrors': False, 'javaScriptEnabled': True, 'offline': False, 'reducedMotion': 'no-preference', 'viewport': {'height': 720, 'width': 1280}, 'deprecated_pos_args': []}</msg>
<msg timestamp="20230324 14:56:43.674" level="INFO">Successfully initialized new page object and opened url: https://www.google.com/</msg>
<status status="PASS" starttime="20230324 14:56:34.551" endtime="20230324 14:56:43.674"/>
</kw>
<kw name="Close Browser" library="Browser">
<tag>BrowserControl</tag>
<tag>Setter</tag>
<doc>Closes the current browser.</doc>
<msg timestamp="20230324 14:56:44.056" level="INFO">Closed browser</msg>
<status status="PASS" starttime="20230324 14:56:43.675" endtime="20230324 14:56:44.056"/>
</kw>
<status status="PASS" starttime="20230324 14:56:34.545" endtime="20230324 14:56:44.057"/>
</test>
<status status="PASS" starttime="20230324 14:56:26.007" endtime="20230324 14:56:44.065"/>
</suite>
<statistics>
<total>
<stat pass="1" fail="0" skip="0">All Tests</stat>
</total>
<tag>
</tag>
<suite>
<stat pass="1" fail="0" skip="0" id="s1" name="Open Browser">Open Browser</stat>
</suite>
</statistics>
<errors>
<msg timestamp="20230324 14:56:34.552" level="WARN">Open Browser is for quick experimentation and debugging only. Use New Page for production.</msg>
</errors>
</robot>
